<?xml version="1.0" encoding="UTF-8"?>
<testsuite name="hello.servlet.domain.member.MemberRepositoryTest" tests="1" skipped="0" failures="0" errors="0" timestamp="2023-05-07T12:44:44" hostname="DESKTOP-3VATBM2" time="0.061">
  <properties/>
  <testcase name="save()" classname="hello.servlet.domain.member.MemberRepositoryTest" time="0.061"/>
  <system-out><![CDATA[]]></system-out>
  <system-err><![CDATA[]]></system-err>
</testsuite>
